<?xml version="1.0" encoding="UTF-8"?>
<!-- Generated by org.testng.reporters.JUnitReportReporter -->
<testsuite hostname="KKSZDZ00939" name="com.test.UploadAvatar" tests="1" failures="0" timestamp="30 Aug 2016 14:04:47 GMT" time="30.096" errors="0">
  <testcase name="TestUpload" time="30.096" classname="com.test.UploadAvatar"/>
</testsuite> <!-- com.test.UploadAvatar -->
