<?xml version="1.0" encoding="UTF-8"?>
<!-- Generated by org.testng.reporters.JUnitReportReporter -->
<testsuite hostname="KKSZDZ00939" name="com.test.Setting" tests="1" failures="0" timestamp="30 Aug 2016 14:11:34 GMT" time="26.807" errors="0">
  <testcase name="TestSeeting" time="26.807" classname="com.test.Setting"/>
</testsuite> <!-- com.test.Setting -->
