<?xml version="1.0" encoding="UTF-8"?>
<!-- Generated by org.testng.reporters.JUnitReportReporter -->
<testsuite hostname="KKSZDZ00939" name="com.test.Login" tests="1" failures="0" timestamp="30 Aug 2016 14:04:47 GMT" time="21.106" errors="0">
  <testcase name="testLogin" time="21.106" classname="com.test.Login"/>
</testsuite> <!-- com.test.Login -->
